2023-05-21 15:00:12.579 [main] INFO  c.m.M.s.MedicalServiceApplication - Example log from MedicalServiceApplication
2023-05-21 15:00:13.335 [restartedMain] INFO  c.m.M.s.MedicalServiceApplication - Example log from MedicalServiceApplication
2023-05-21 15:00:14.480 [restartedMain] INFO  c.m.M.s.MedicalServiceApplication - Starting MedicalServiceApplication using Java 17.0.3 on mohamed with PID 17312 (C:\Users\mohamed\Desktop\Medical-service\target\classes started by mohamed in C:\Users\mohamed\Desktop\Medical-service)
2023-05-21 15:00:14.484 [restartedMain] INFO  c.m.M.s.MedicalServiceApplication - No active profile set, falling back to 1 default profile: "default"
2023-05-21 15:00:14.650 [restartedMain] INFO  o.s.b.d.e.DevToolsPropertyDefaultsPostProcessor - Devtools property defaults active! Set 'spring.devtools.add-properties' to 'false' to disable
2023-05-21 15:00:14.651 [restartedMain] INFO  o.s.b.d.e.DevToolsPropertyDefaultsPostProcessor - For additional web related logging consider setting the 'logging.level.web' property to 'DEBUG'
2023-05-21 15:00:18.088 [restartedMain] INFO  o.s.d.r.c.RepositoryConfigurationDelegate - Bootstrapping Spring Data MongoDB repositories in DEFAULT mode.
2023-05-21 15:00:18.254 [restartedMain] INFO  o.s.d.r.c.RepositoryConfigurationDelegate - Finished Spring Data repository scanning in 140 ms. Found 11 MongoDB repository interfaces.
2023-05-21 15:00:19.130 [restartedMain] INFO  o.s.b.w.e.tomcat.TomcatWebServer - Tomcat initialized with port(s): 3000 (http)
2023-05-21 15:00:19.143 [restartedMain] INFO  o.a.coyote.http11.Http11NioProtocol - Initializing ProtocolHandler ["http-nio-3000"]
2023-05-21 15:00:19.146 [restartedMain] INFO  o.a.catalina.core.StandardService - Starting service [Tomcat]
2023-05-21 15:00:19.147 [restartedMain] INFO  o.a.catalina.core.StandardEngine - Starting Servlet engine: [Apache Tomcat/9.0.63]
2023-05-21 15:00:19.276 [restartedMain] INFO  o.a.c.c.C.[Tomcat].[localhost].[/] - Initializing Spring embedded WebApplicationContext
2023-05-21 15:00:19.278 [restartedMain] INFO  o.s.b.w.s.c.ServletWebServerApplicationContext - Root WebApplicationContext: initialization completed in 4626 ms
2023-05-21 15:00:20.070 [restartedMain] INFO  org.mongodb.driver.client - MongoClient with metadata {"driver": {"name": "mongo-java-driver|sync|spring-boot", "version": "4.6.0"}, "os": {"type": "Windows", "name": "Windows 10", "architecture": "amd64", "version": "10.0"}, "platform": "Java/Amazon.com Inc./17.0.3+6-LTS"} created with settings MongoClientSettings{readPreference=primary, writeConcern=WriteConcern{w=null, wTimeout=null ms, journal=null}, retryWrites=true, retryReads=true, readConcern=ReadConcern{level=null}, credential=null, streamFactoryFactory=null, commandListeners=[io.micrometer.core.instrument.binder.mongodb.MongoMetricsCommandListener@20d01751], codecRegistry=ProvidersCodecRegistry{codecProviders=[ValueCodecProvider{}, BsonValueCodecProvider{}, DBRefCodecProvider{}, DBObjectCodecProvider{}, DocumentCodecProvider{}, IterableCodecProvider{}, MapCodecProvider{}, GeoJsonCodecProvider{}, GridFSFileCodecProvider{}, Jsr310CodecProvider{}, JsonObjectCodecProvider{}, BsonCodecProvider{}, EnumCodecProvider{}, com.mongodb.Jep395RecordCodecProvider@63344aa2]}, clusterSettings={hosts=[localhost:27017], srvServiceName=mongodb, mode=SINGLE, requiredClusterType=UNKNOWN, requiredReplicaSetName='null', serverSelector='null', clusterListeners='[]', serverSelectionTimeout='30000 ms', localThreshold='30000 ms'}, socketSettings=SocketSettings{connectTimeoutMS=10000, readTimeoutMS=0, receiveBufferSize=0, sendBufferSize=0}, heartbeatSocketSettings=SocketSettings{connectTimeoutMS=10000, readTimeoutMS=10000, receiveBufferSize=0, sendBufferSize=0}, connectionPoolSettings=ConnectionPoolSettings{maxSize=100, minSize=0, maxWaitTimeMS=120000, maxConnectionLifeTimeMS=0, maxConnectionIdleTimeMS=0, maintenanceInitialDelayMS=0, maintenanceFrequencyMS=60000, connectionPoolListeners=[io.micrometer.core.instrument.binder.mongodb.MongoMetricsConnectionPoolListener@17eff4cc], maxConnecting=2}, serverSettings=ServerSettings{heartbeatFrequencyMS=10000, minHeartbeatFrequencyMS=500, serverListeners='[]', serverMonitorListeners='[]'}, sslSettings=SslSettings{enabled=false, invalidHostNameAllowed=false, context=null}, applicationName='null', compressorList=[], uuidRepresentation=JAVA_LEGACY, serverApi=null, autoEncryptionSettings=null, contextProvider=null}
2023-05-21 15:00:20.482 [cluster-rtt-ClusterId{value='646a15e329bda41880b30d08', description='null'}-localhost:27017] INFO  org.mongodb.driver.connection - Opened connection [connectionId{localValue:2, serverValue:2}] to localhost:27017
2023-05-21 15:00:20.483 [cluster-ClusterId{value='646a15e329bda41880b30d08', description='null'}-localhost:27017] INFO  org.mongodb.driver.connection - Opened connection [connectionId{localValue:1, serverValue:1}] to localhost:27017
2023-05-21 15:00:20.484 [cluster-ClusterId{value='646a15e329bda41880b30d08', description='null'}-localhost:27017] INFO  org.mongodb.driver.cluster - Monitor thread successfully connected to server with description ServerDescription{address=localhost:27017, type=STANDALONE, state=CONNECTED, ok=true, minWireVersion=0, maxWireVersion=13, maxDocumentSize=16777216, logicalSessionTimeoutMinutes=30, roundTripTimeNanos=430285300}
2023-05-21 15:00:21.002 [restartedMain] INFO  o.s.b.d.a.OptionalLiveReloadServer - LiveReload server is running on port 35729
2023-05-21 15:00:23.324 [restartedMain] INFO  o.s.b.a.e.web.EndpointLinksResolver - Exposing 1 endpoint(s) beneath base path '/actuator'
2023-05-21 15:00:23.373 [restartedMain] INFO  o.s.s.web.DefaultSecurityFilterChain - Will secure any request with [org.springframework.security.web.session.DisableEncodeUrlFilter@2ac876c0, org.springframework.security.web.context.request.async.WebAsyncManagerIntegrationFilter@4b391c72, org.springframework.security.web.context.SecurityContextPersistenceFilter@1e378f45, org.springframework.security.web.header.HeaderWriterFilter@7433c234, org.springframework.web.filter.CorsFilter@3f5d9a55, org.springframework.security.web.authentication.logout.LogoutFilter@585ac8ec, com.medicalsystem.Medical.service.security.AuthFilter@3c7f6ab, org.springframework.security.web.savedrequest.RequestCacheAwareFilter@2c40e565, org.springframework.security.web.servletapi.SecurityContextHolderAwareRequestFilter@27da65ca, org.springframework.security.web.authentication.AnonymousAuthenticationFilter@3a058fa5, org.springframework.security.web.session.SessionManagementFilter@1785ced4, org.springframework.security.web.access.ExceptionTranslationFilter@dfa23e4, org.springframework.security.web.access.intercept.FilterSecurityInterceptor@174d0b80]
2023-05-21 15:00:24.238 [restartedMain] INFO  o.a.coyote.http11.Http11NioProtocol - Starting ProtocolHandler ["http-nio-3000"]
2023-05-21 15:00:24.291 [restartedMain] INFO  o.s.b.w.e.tomcat.TomcatWebServer - Tomcat started on port(s): 3000 (http) with context path ''
2023-05-21 15:00:24.336 [restartedMain] INFO  c.m.M.s.MedicalServiceApplication - Started MedicalServiceApplication in 10.963 seconds (JVM running for 13.707)
2023-05-21 15:00:25.036 [RMI TCP Connection(3)-172.19.32.1] INFO  o.a.c.c.C.[Tomcat].[localhost].[/] - Initializing Spring DispatcherServlet 'dispatcherServlet'
2023-05-21 15:00:25.037 [RMI TCP Connection(3)-172.19.32.1] INFO  o.s.web.servlet.DispatcherServlet - Initializing Servlet 'dispatcherServlet'
2023-05-21 15:00:25.040 [RMI TCP Connection(3)-172.19.32.1] INFO  o.s.web.servlet.DispatcherServlet - Completed initialization in 3 ms
2023-05-21 15:00:25.231 [RMI TCP Connection(4)-172.19.32.1] INFO  org.mongodb.driver.connection - Opened connection [connectionId{localValue:3, serverValue:3}] to localhost:27017
2023-05-21 15:05:02.138 [restartedMain] INFO  c.m.M.s.MedicalServiceApplication - Example log from MedicalServiceApplication
2023-05-21 15:05:02.193 [restartedMain] INFO  c.m.M.s.MedicalServiceApplication - Starting MedicalServiceApplication using Java 17.0.3 on mohamed with PID 17312 (C:\Users\mohamed\Desktop\Medical-service\target\classes started by mohamed in C:\Users\mohamed\Desktop\Medical-service)
2023-05-21 15:05:02.193 [restartedMain] INFO  c.m.M.s.MedicalServiceApplication - No active profile set, falling back to 1 default profile: "default"
2023-05-21 15:05:02.747 [restartedMain] INFO  o.s.d.r.c.RepositoryConfigurationDelegate - Bootstrapping Spring Data MongoDB repositories in DEFAULT mode.
2023-05-21 15:05:02.792 [restartedMain] INFO  o.s.d.r.c.RepositoryConfigurationDelegate - Finished Spring Data repository scanning in 44 ms. Found 11 MongoDB repository interfaces.
2023-05-21 15:05:02.909 [restartedMain] INFO  o.s.b.w.e.tomcat.TomcatWebServer - Tomcat initialized with port(s): 3000 (http)
2023-05-21 15:05:02.910 [restartedMain] INFO  o.a.coyote.http11.Http11NioProtocol - Initializing ProtocolHandler ["http-nio-3000"]
2023-05-21 15:05:02.910 [restartedMain] INFO  o.a.catalina.core.StandardService - Starting service [Tomcat]
2023-05-21 15:05:02.910 [restartedMain] INFO  o.a.catalina.core.StandardEngine - Starting Servlet engine: [Apache Tomcat/9.0.63]
2023-05-21 15:05:02.936 [restartedMain] INFO  o.a.c.c.C.[Tomcat].[localhost].[/] - Initializing Spring embedded WebApplicationContext
2023-05-21 15:05:02.937 [restartedMain] INFO  o.s.b.w.s.c.ServletWebServerApplicationContext - Root WebApplicationContext: initialization completed in 740 ms
2023-05-21 15:05:03.130 [restartedMain] INFO  org.mongodb.driver.client - MongoClient with metadata {"driver": {"name": "mongo-java-driver|sync|spring-boot", "version": "4.6.0"}, "os": {"type": "Windows", "name": "Windows 10", "architecture": "amd64", "version": "10.0"}, "platform": "Java/Amazon.com Inc./17.0.3+6-LTS"} created with settings MongoClientSettings{readPreference=primary, writeConcern=WriteConcern{w=null, wTimeout=null ms, journal=null}, retryWrites=true, retryReads=true, readConcern=ReadConcern{level=null}, credential=null, streamFactoryFactory=null, commandListeners=[io.micrometer.core.instrument.binder.mongodb.MongoMetricsCommandListener@48bb9fc9], codecRegistry=ProvidersCodecRegistry{codecProviders=[ValueCodecProvider{}, BsonValueCodecProvider{}, DBRefCodecProvider{}, DBObjectCodecProvider{}, DocumentCodecProvider{}, IterableCodecProvider{}, MapCodecProvider{}, GeoJsonCodecProvider{}, GridFSFileCodecProvider{}, Jsr310CodecProvider{}, JsonObjectCodecProvider{}, BsonCodecProvider{}, EnumCodecProvider{}, com.mongodb.Jep395RecordCodecProvider@63344aa2]}, clusterSettings={hosts=[localhost:27017], srvServiceName=mongodb, mode=SINGLE, requiredClusterType=UNKNOWN, requiredReplicaSetName='null', serverSelector='null', clusterListeners='[]', serverSelectionTimeout='30000 ms', localThreshold='30000 ms'}, socketSettings=SocketSettings{connectTimeoutMS=10000, readTimeoutMS=0, receiveBufferSize=0, sendBufferSize=0}, heartbeatSocketSettings=SocketSettings{connectTimeoutMS=10000, readTimeoutMS=10000, receiveBufferSize=0, sendBufferSize=0}, connectionPoolSettings=ConnectionPoolSettings{maxSize=100, minSize=0, maxWaitTimeMS=120000, maxConnectionLifeTimeMS=0, maxConnectionIdleTimeMS=0, maintenanceInitialDelayMS=0, maintenanceFrequencyMS=60000, connectionPoolListeners=[io.micrometer.core.instrument.binder.mongodb.MongoMetricsConnectionPoolListener@20e2502d], maxConnecting=2}, serverSettings=ServerSettings{heartbeatFrequencyMS=10000, minHeartbeatFrequencyMS=500, serverListeners='[]', serverMonitorListeners='[]'}, sslSettings=SslSettings{enabled=false, invalidHostNameAllowed=false, context=null}, applicationName='null', compressorList=[], uuidRepresentation=JAVA_LEGACY, serverApi=null, autoEncryptionSettings=null, contextProvider=null}
2023-05-21 15:05:03.135 [cluster-ClusterId{value='646a16ff29bda41880b30d0a', description='null'}-localhost:27017] INFO  org.mongodb.driver.connection - Opened connection [connectionId{localValue:4, serverValue:4}] to localhost:27017
2023-05-21 15:05:03.135 [cluster-ClusterId{value='646a16ff29bda41880b30d0a', description='null'}-localhost:27017] INFO  org.mongodb.driver.cluster - Monitor thread successfully connected to server with description ServerDescription{address=localhost:27017, type=STANDALONE, state=CONNECTED, ok=true, minWireVersion=0, maxWireVersion=13, maxDocumentSize=16777216, logicalSessionTimeoutMinutes=30, roundTripTimeNanos=2560300}
2023-05-21 15:05:03.136 [cluster-rtt-ClusterId{value='646a16ff29bda41880b30d0a', description='null'}-localhost:27017] INFO  org.mongodb.driver.connection - Opened connection [connectionId{localValue:5, serverValue:5}] to localhost:27017
2023-05-21 15:05:03.293 [restartedMain] INFO  o.s.b.d.a.OptionalLiveReloadServer - LiveReload server is running on port 35729
2023-05-21 15:05:03.416 [restartedMain] WARN  o.s.b.w.s.c.AnnotationConfigServletWebServerApplicationContext - Exception encountered during context initialization - cancelling refresh attempt: org.springframework.beans.factory.UnsatisfiedDependencyException: Error creating bean with name 'transactionRestController' defined in file [C:\Users\mohamed\Desktop\Medical-service\target\classes\com\medicalsystem\Medical\service\restcontroller\TransactionRestController.class]: Unsatisfied dependency expressed through constructor parameter 0; nested exception is org.springframework.beans.factory.NoSuchBeanDefinitionException: No qualifying bean of type 'com.medicalsystem.Medical.service.services.ITransactionService' available: expected at least 1 bean which qualifies as autowire candidate. Dependency annotations: {}
2023-05-21 15:05:03.419 [restartedMain] INFO  o.a.catalina.core.StandardService - Stopping service [Tomcat]
2023-05-21 15:05:03.437 [restartedMain] INFO  o.s.b.a.l.ConditionEvaluationReportLoggingListener - 

Error starting ApplicationContext. To display the conditions report re-run your application with 'debug' enabled.
2023-05-21 15:05:03.470 [restartedMain] ERROR o.s.b.d.LoggingFailureAnalysisReporter - 

***************************
APPLICATION FAILED TO START
***************************

Description:

Parameter 0 of constructor in com.medicalsystem.Medical.service.restcontroller.TransactionRestController required a bean of type 'com.medicalsystem.Medical.service.services.ITransactionService' that could not be found.


Action:

Consider defining a bean of type 'com.medicalsystem.Medical.service.services.ITransactionService' in your configuration.

2023-05-21 15:05:04.917 [restartedMain] INFO  c.m.M.s.MedicalServiceApplication - Example log from MedicalServiceApplication
2023-05-21 15:05:04.957 [restartedMain] INFO  c.m.M.s.MedicalServiceApplication - Starting MedicalServiceApplication using Java 17.0.3 on mohamed with PID 17312 (C:\Users\mohamed\Desktop\Medical-service\target\classes started by mohamed in C:\Users\mohamed\Desktop\Medical-service)
2023-05-21 15:05:04.957 [restartedMain] INFO  c.m.M.s.MedicalServiceApplication - No active profile set, falling back to 1 default profile: "default"
2023-05-21 15:05:05.470 [restartedMain] INFO  o.s.d.r.c.RepositoryConfigurationDelegate - Bootstrapping Spring Data MongoDB repositories in DEFAULT mode.
2023-05-21 15:05:05.506 [restartedMain] INFO  o.s.d.r.c.RepositoryConfigurationDelegate - Finished Spring Data repository scanning in 35 ms. Found 11 MongoDB repository interfaces.
2023-05-21 15:05:05.595 [restartedMain] INFO  o.s.b.w.e.tomcat.TomcatWebServer - Tomcat initialized with port(s): 3000 (http)
2023-05-21 15:05:05.596 [restartedMain] INFO  o.a.coyote.http11.Http11NioProtocol - Initializing ProtocolHandler ["http-nio-3000"]
2023-05-21 15:05:05.596 [restartedMain] INFO  o.a.catalina.core.StandardService - Starting service [Tomcat]
2023-05-21 15:05:05.596 [restartedMain] INFO  o.a.catalina.core.StandardEngine - Starting Servlet engine: [Apache Tomcat/9.0.63]
2023-05-21 15:05:05.616 [restartedMain] INFO  o.a.c.c.C.[Tomcat-1].[localhost].[/] - Initializing Spring embedded WebApplicationContext
2023-05-21 15:05:05.617 [restartedMain] INFO  o.s.b.w.s.c.ServletWebServerApplicationContext - Root WebApplicationContext: initialization completed in 657 ms
2023-05-21 15:05:05.716 [restartedMain] INFO  org.mongodb.driver.client - MongoClient with metadata {"driver": {"name": "mongo-java-driver|sync|spring-boot", "version": "4.6.0"}, "os": {"type": "Windows", "name": "Windows 10", "architecture": "amd64", "version": "10.0"}, "platform": "Java/Amazon.com Inc./17.0.3+6-LTS"} created with settings MongoClientSettings{readPreference=primary, writeConcern=WriteConcern{w=null, wTimeout=null ms, journal=null}, retryWrites=true, retryReads=true, readConcern=ReadConcern{level=null}, credential=null, streamFactoryFactory=null, commandListeners=[io.micrometer.core.instrument.binder.mongodb.MongoMetricsCommandListener@172a29cf], codecRegistry=ProvidersCodecRegistry{codecProviders=[ValueCodecProvider{}, BsonValueCodecProvider{}, DBRefCodecProvider{}, DBObjectCodecProvider{}, DocumentCodecProvider{}, IterableCodecProvider{}, MapCodecProvider{}, GeoJsonCodecProvider{}, GridFSFileCodecProvider{}, Jsr310CodecProvider{}, JsonObjectCodecProvider{}, BsonCodecProvider{}, EnumCodecProvider{}, com.mongodb.Jep395RecordCodecProvider@63344aa2]}, clusterSettings={hosts=[localhost:27017], srvServiceName=mongodb, mode=SINGLE, requiredClusterType=UNKNOWN, requiredReplicaSetName='null', serverSelector='null', clusterListeners='[]', serverSelectionTimeout='30000 ms', localThreshold='30000 ms'}, socketSettings=SocketSettings{connectTimeoutMS=10000, readTimeoutMS=0, receiveBufferSize=0, sendBufferSize=0}, heartbeatSocketSettings=SocketSettings{connectTimeoutMS=10000, readTimeoutMS=10000, receiveBufferSize=0, sendBufferSize=0}, connectionPoolSettings=ConnectionPoolSettings{maxSize=100, minSize=0, maxWaitTimeMS=120000, maxConnectionLifeTimeMS=0, maxConnectionIdleTimeMS=0, maintenanceInitialDelayMS=0, maintenanceFrequencyMS=60000, connectionPoolListeners=[io.micrometer.core.instrument.binder.mongodb.MongoMetricsConnectionPoolListener@15f18aca], maxConnecting=2}, serverSettings=ServerSettings{heartbeatFrequencyMS=10000, minHeartbeatFrequencyMS=500, serverListeners='[]', serverMonitorListeners='[]'}, sslSettings=SslSettings{enabled=false, invalidHostNameAllowed=false, context=null}, applicationName='null', compressorList=[], uuidRepresentation=JAVA_LEGACY, serverApi=null, autoEncryptionSettings=null, contextProvider=null}
2023-05-21 15:05:05.718 [cluster-rtt-ClusterId{value='646a170129bda41880b30d0b', description='null'}-localhost:27017] INFO  org.mongodb.driver.connection - Opened connection [connectionId{localValue:7, serverValue:7}] to localhost:27017
2023-05-21 15:05:05.718 [cluster-ClusterId{value='646a170129bda41880b30d0b', description='null'}-localhost:27017] INFO  org.mongodb.driver.connection - Opened connection [connectionId{localValue:6, serverValue:6}] to localhost:27017
2023-05-21 15:05:05.718 [cluster-ClusterId{value='646a170129bda41880b30d0b', description='null'}-localhost:27017] INFO  org.mongodb.driver.cluster - Monitor thread successfully connected to server with description ServerDescription{address=localhost:27017, type=STANDALONE, state=CONNECTED, ok=true, minWireVersion=0, maxWireVersion=13, maxDocumentSize=16777216, logicalSessionTimeoutMinutes=30, roundTripTimeNanos=1557800}
2023-05-21 15:05:05.815 [restartedMain] INFO  o.s.b.d.a.OptionalLiveReloadServer - LiveReload server is running on port 35729
2023-05-21 15:05:06.229 [restartedMain] INFO  o.s.b.a.e.web.EndpointLinksResolver - Exposing 1 endpoint(s) beneath base path '/actuator'
2023-05-21 15:05:06.233 [restartedMain] INFO  o.s.s.web.DefaultSecurityFilterChain - Will secure any request with [org.springframework.security.web.session.DisableEncodeUrlFilter@2b561789, org.springframework.security.web.context.request.async.WebAsyncManagerIntegrationFilter@1dc55c25, org.springframework.security.web.context.SecurityContextPersistenceFilter@bf98f15, org.springframework.security.web.header.HeaderWriterFilter@6ad64fd4, org.springframework.web.filter.CorsFilter@4702d555, org.springframework.security.web.authentication.logout.LogoutFilter@452c6100, com.medicalsystem.Medical.service.security.AuthFilter@367177b0, org.springframework.security.web.savedrequest.RequestCacheAwareFilter@7b385962, org.springframework.security.web.servletapi.SecurityContextHolderAwareRequestFilter@23c8113e, org.springframework.security.web.authentication.AnonymousAuthenticationFilter@896452d, org.springframework.security.web.session.SessionManagementFilter@41cc19f9, org.springframework.security.web.access.ExceptionTranslationFilter@400606fe, org.springframework.security.web.access.intercept.FilterSecurityInterceptor@43018b4b]
2023-05-21 15:05:06.363 [restartedMain] INFO  o.a.coyote.http11.Http11NioProtocol - Starting ProtocolHandler ["http-nio-3000"]
2023-05-21 15:05:06.367 [restartedMain] INFO  o.s.b.w.e.tomcat.TomcatWebServer - Tomcat started on port(s): 3000 (http) with context path ''
2023-05-21 15:05:06.380 [restartedMain] INFO  c.m.M.s.MedicalServiceApplication - Started MedicalServiceApplication in 1.457 seconds (JVM running for 295.752)
2023-05-21 15:05:06.383 [restartedMain] INFO  o.s.b.d.a.ConditionEvaluationDeltaLoggingListener - Condition evaluation unchanged
2023-05-21 16:24:28.933 [main] INFO  c.m.M.s.MedicalServiceApplication - Example log from MedicalServiceApplication
2023-05-21 16:24:29.252 [restartedMain] INFO  c.m.M.s.MedicalServiceApplication - Example log from MedicalServiceApplication
2023-05-21 16:24:29.781 [restartedMain] INFO  c.m.M.s.MedicalServiceApplication - Starting MedicalServiceApplication using Java 17.0.3 on mohamed with PID 15688 (C:\Users\mohamed\Desktop\Medical-service\target\classes started by mohamed in C:\Users\mohamed\Desktop\Medical-service)
2023-05-21 16:24:29.782 [restartedMain] INFO  c.m.M.s.MedicalServiceApplication - No active profile set, falling back to 1 default profile: "default"
2023-05-21 16:24:29.849 [restartedMain] INFO  o.s.b.d.e.DevToolsPropertyDefaultsPostProcessor - Devtools property defaults active! Set 'spring.devtools.add-properties' to 'false' to disable
2023-05-21 16:24:29.849 [restartedMain] INFO  o.s.b.d.e.DevToolsPropertyDefaultsPostProcessor - For additional web related logging consider setting the 'logging.level.web' property to 'DEBUG'
2023-05-21 16:24:32.222 [restartedMain] INFO  o.s.d.r.c.RepositoryConfigurationDelegate - Bootstrapping Spring Data MongoDB repositories in DEFAULT mode.
2023-05-21 16:24:32.522 [restartedMain] INFO  o.s.d.r.c.RepositoryConfigurationDelegate - Finished Spring Data repository scanning in 276 ms. Found 11 MongoDB repository interfaces.
2023-05-21 16:24:33.434 [restartedMain] INFO  o.s.b.w.e.tomcat.TomcatWebServer - Tomcat initialized with port(s): 3000 (http)
2023-05-21 16:24:33.446 [restartedMain] INFO  o.a.coyote.http11.Http11NioProtocol - Initializing ProtocolHandler ["http-nio-3000"]
2023-05-21 16:24:33.447 [restartedMain] INFO  o.a.catalina.core.StandardService - Starting service [Tomcat]
2023-05-21 16:24:33.447 [restartedMain] INFO  o.a.catalina.core.StandardEngine - Starting Servlet engine: [Apache Tomcat/9.0.63]
2023-05-21 16:24:33.536 [restartedMain] INFO  o.a.c.c.C.[Tomcat].[localhost].[/] - Initializing Spring embedded WebApplicationContext
2023-05-21 16:24:33.536 [restartedMain] INFO  o.s.b.w.s.c.ServletWebServerApplicationContext - Root WebApplicationContext: initialization completed in 3686 ms
2023-05-21 16:24:34.457 [restartedMain] INFO  org.mongodb.driver.client - MongoClient with metadata {"driver": {"name": "mongo-java-driver|sync|spring-boot", "version": "4.6.0"}, "os": {"type": "Windows", "name": "Windows 10", "architecture": "amd64", "version": "10.0"}, "platform": "Java/Amazon.com Inc./17.0.3+6-LTS"} created with settings MongoClientSettings{readPreference=primary, writeConcern=WriteConcern{w=null, wTimeout=null ms, journal=null}, retryWrites=true, retryReads=true, readConcern=ReadConcern{level=null}, credential=null, streamFactoryFactory=null, commandListeners=[io.micrometer.core.instrument.binder.mongodb.MongoMetricsCommandListener@6777f81], codecRegistry=ProvidersCodecRegistry{codecProviders=[ValueCodecProvider{}, BsonValueCodecProvider{}, DBRefCodecProvider{}, DBObjectCodecProvider{}, DocumentCodecProvider{}, IterableCodecProvider{}, MapCodecProvider{}, GeoJsonCodecProvider{}, GridFSFileCodecProvider{}, Jsr310CodecProvider{}, JsonObjectCodecProvider{}, BsonCodecProvider{}, EnumCodecProvider{}, com.mongodb.Jep395RecordCodecProvider@5be5887e]}, clusterSettings={hosts=[localhost:27017], srvServiceName=mongodb, mode=SINGLE, requiredClusterType=UNKNOWN, requiredReplicaSetName='null', serverSelector='null', clusterListeners='[]', serverSelectionTimeout='30000 ms', localThreshold='30000 ms'}, socketSettings=SocketSettings{connectTimeoutMS=10000, readTimeoutMS=0, receiveBufferSize=0, sendBufferSize=0}, heartbeatSocketSettings=SocketSettings{connectTimeoutMS=10000, readTimeoutMS=10000, receiveBufferSize=0, sendBufferSize=0}, connectionPoolSettings=ConnectionPoolSettings{maxSize=100, minSize=0, maxWaitTimeMS=120000, maxConnectionLifeTimeMS=0, maxConnectionIdleTimeMS=0, maintenanceInitialDelayMS=0, maintenanceFrequencyMS=60000, connectionPoolListeners=[io.micrometer.core.instrument.binder.mongodb.MongoMetricsConnectionPoolListener@35df55b0], maxConnecting=2}, serverSettings=ServerSettings{heartbeatFrequencyMS=10000, minHeartbeatFrequencyMS=500, serverListeners='[]', serverMonitorListeners='[]'}, sslSettings=SslSettings{enabled=false, invalidHostNameAllowed=false, context=null}, applicationName='null', compressorList=[], uuidRepresentation=JAVA_LEGACY, serverApi=null, autoEncryptionSettings=null, contextProvider=null}
2023-05-21 16:24:34.507 [cluster-ClusterId{value='646a29a2562e46738535b258', description='null'}-localhost:27017] INFO  org.mongodb.driver.connection - Opened connection [connectionId{localValue:2, serverValue:8}] to localhost:27017
2023-05-21 16:24:34.508 [cluster-ClusterId{value='646a29a2562e46738535b258', description='null'}-localhost:27017] INFO  org.mongodb.driver.cluster - Monitor thread successfully connected to server with description ServerDescription{address=localhost:27017, type=STANDALONE, state=CONNECTED, ok=true, minWireVersion=0, maxWireVersion=13, maxDocumentSize=16777216, logicalSessionTimeoutMinutes=30, roundTripTimeNanos=73476800}
2023-05-21 16:24:34.521 [cluster-rtt-ClusterId{value='646a29a2562e46738535b258', description='null'}-localhost:27017] INFO  org.mongodb.driver.connection - Opened connection [connectionId{localValue:1, serverValue:9}] to localhost:27017
2023-05-21 16:24:35.087 [restartedMain] INFO  o.s.b.d.a.OptionalLiveReloadServer - LiveReload server is running on port 35729
2023-05-21 16:24:36.684 [restartedMain] INFO  o.s.b.a.e.web.EndpointLinksResolver - Exposing 1 endpoint(s) beneath base path '/actuator'
2023-05-21 16:24:36.723 [restartedMain] INFO  o.s.s.web.DefaultSecurityFilterChain - Will secure any request with [org.springframework.security.web.session.DisableEncodeUrlFilter@46de5652, org.springframework.security.web.context.request.async.WebAsyncManagerIntegrationFilter@3f7146fc, org.springframework.security.web.context.SecurityContextPersistenceFilter@5375fd3d, org.springframework.security.web.header.HeaderWriterFilter@135ce427, org.springframework.web.filter.CorsFilter@2b30e93b, org.springframework.security.web.authentication.logout.LogoutFilter@3eb6f654, com.medicalsystem.Medical.service.security.AuthFilter@33903f84, org.springframework.security.web.savedrequest.RequestCacheAwareFilter@2d439aaa, org.springframework.security.web.servletapi.SecurityContextHolderAwareRequestFilter@74946a9d, org.springframework.security.web.authentication.AnonymousAuthenticationFilter@30e6d70b, org.springframework.security.web.session.SessionManagementFilter@7fb5ce17, org.springframework.security.web.access.ExceptionTranslationFilter@f00faaa, org.springframework.security.web.access.intercept.FilterSecurityInterceptor@2edd92f4]
2023-05-21 16:24:37.421 [restartedMain] INFO  o.a.coyote.http11.Http11NioProtocol - Starting ProtocolHandler ["http-nio-3000"]
2023-05-21 16:24:37.462 [restartedMain] INFO  o.s.b.w.e.tomcat.TomcatWebServer - Tomcat started on port(s): 3000 (http) with context path ''
2023-05-21 16:24:37.508 [restartedMain] INFO  c.m.M.s.MedicalServiceApplication - Started MedicalServiceApplication in 8.237 seconds (JVM running for 9.861)
2023-05-21 16:24:37.652 [RMI TCP Connection(7)-172.19.32.1] INFO  o.a.c.c.C.[Tomcat].[localhost].[/] - Initializing Spring DispatcherServlet 'dispatcherServlet'
2023-05-21 16:24:37.652 [RMI TCP Connection(7)-172.19.32.1] INFO  o.s.web.servlet.DispatcherServlet - Initializing Servlet 'dispatcherServlet'
2023-05-21 16:24:37.655 [RMI TCP Connection(7)-172.19.32.1] INFO  o.s.web.servlet.DispatcherServlet - Completed initialization in 3 ms
2023-05-21 16:24:37.701 [RMI TCP Connection(5)-172.19.32.1] INFO  org.mongodb.driver.connection - Opened connection [connectionId{localValue:3, serverValue:10}] to localhost:27017
2023-05-21 16:24:38.573 [http-nio-3000-exec-2] INFO  c.m.M.s.Implservices.UserService - start of UserService.addUser with user id ahmed12345678
2023-05-21 16:24:38.908 [http-nio-3000-exec-2] INFO  c.m.M.s.Implservices.UserService - end of UserService.addUser with user id 646a29a6562e46738535b259
2023-05-21 16:25:37.624 [main] INFO  c.m.M.s.MedicalServiceApplication - Example log from MedicalServiceApplication
2023-05-21 16:25:37.877 [restartedMain] INFO  c.m.M.s.MedicalServiceApplication - Example log from MedicalServiceApplication
2023-05-21 16:25:38.317 [restartedMain] INFO  c.m.M.s.MedicalServiceApplication - Starting MedicalServiceApplication using Java 17.0.3 on mohamed with PID 2760 (C:\Users\mohamed\Desktop\Medical-service\target\classes started by mohamed in C:\Users\mohamed\Desktop\Medical-service)
2023-05-21 16:25:38.319 [restartedMain] INFO  c.m.M.s.MedicalServiceApplication - No active profile set, falling back to 1 default profile: "default"
2023-05-21 16:25:38.399 [restartedMain] INFO  o.s.b.d.e.DevToolsPropertyDefaultsPostProcessor - Devtools property defaults active! Set 'spring.devtools.add-properties' to 'false' to disable
2023-05-21 16:25:38.400 [restartedMain] INFO  o.s.b.d.e.DevToolsPropertyDefaultsPostProcessor - For additional web related logging consider setting the 'logging.level.web' property to 'DEBUG'
2023-05-21 16:25:39.997 [restartedMain] INFO  o.s.d.r.c.RepositoryConfigurationDelegate - Bootstrapping Spring Data MongoDB repositories in DEFAULT mode.
2023-05-21 16:25:40.127 [restartedMain] INFO  o.s.d.r.c.RepositoryConfigurationDelegate - Finished Spring Data repository scanning in 117 ms. Found 11 MongoDB repository interfaces.
2023-05-21 16:25:40.992 [restartedMain] INFO  o.s.b.w.e.tomcat.TomcatWebServer - Tomcat initialized with port(s): 3000 (http)
2023-05-21 16:25:41.012 [restartedMain] INFO  o.a.coyote.http11.Http11NioProtocol - Initializing ProtocolHandler ["http-nio-3000"]
2023-05-21 16:25:41.013 [restartedMain] INFO  o.a.catalina.core.StandardService - Starting service [Tomcat]
2023-05-21 16:25:41.014 [restartedMain] INFO  o.a.catalina.core.StandardEngine - Starting Servlet engine: [Apache Tomcat/9.0.63]
2023-05-21 16:25:41.143 [restartedMain] INFO  o.a.c.c.C.[Tomcat].[localhost].[/] - Initializing Spring embedded WebApplicationContext
2023-05-21 16:25:41.143 [restartedMain] INFO  o.s.b.w.s.c.ServletWebServerApplicationContext - Root WebApplicationContext: initialization completed in 2742 ms
2023-05-21 16:25:41.913 [restartedMain] INFO  org.mongodb.driver.client - MongoClient with metadata {"driver": {"name": "mongo-java-driver|sync|spring-boot", "version": "4.6.0"}, "os": {"type": "Windows", "name": "Windows 10", "architecture": "amd64", "version": "10.0"}, "platform": "Java/Amazon.com Inc./17.0.3+6-LTS"} created with settings MongoClientSettings{readPreference=primary, writeConcern=WriteConcern{w=null, wTimeout=null ms, journal=null}, retryWrites=true, retryReads=true, readConcern=ReadConcern{level=null}, credential=null, streamFactoryFactory=null, commandListeners=[io.micrometer.core.instrument.binder.mongodb.MongoMetricsCommandListener@2b41d28b], codecRegistry=ProvidersCodecRegistry{codecProviders=[ValueCodecProvider{}, BsonValueCodecProvider{}, DBRefCodecProvider{}, DBObjectCodecProvider{}, DocumentCodecProvider{}, IterableCodecProvider{}, MapCodecProvider{}, GeoJsonCodecProvider{}, GridFSFileCodecProvider{}, Jsr310CodecProvider{}, JsonObjectCodecProvider{}, BsonCodecProvider{}, EnumCodecProvider{}, com.mongodb.Jep395RecordCodecProvider@1e6f690f]}, clusterSettings={hosts=[localhost:27017], srvServiceName=mongodb, mode=SINGLE, requiredClusterType=UNKNOWN, requiredReplicaSetName='null', serverSelector='null', clusterListeners='[]', serverSelectionTimeout='30000 ms', localThreshold='30000 ms'}, socketSettings=SocketSettings{connectTimeoutMS=10000, readTimeoutMS=0, receiveBufferSize=0, sendBufferSize=0}, heartbeatSocketSettings=SocketSettings{connectTimeoutMS=10000, readTimeoutMS=10000, receiveBufferSize=0, sendBufferSize=0}, connectionPoolSettings=ConnectionPoolSettings{maxSize=100, minSize=0, maxWaitTimeMS=120000, maxConnectionLifeTimeMS=0, maxConnectionIdleTimeMS=0, maintenanceInitialDelayMS=0, maintenanceFrequencyMS=60000, connectionPoolListeners=[io.micrometer.core.instrument.binder.mongodb.MongoMetricsConnectionPoolListener@64b6099], maxConnecting=2}, serverSettings=ServerSettings{heartbeatFrequencyMS=10000, minHeartbeatFrequencyMS=500, serverListeners='[]', serverMonitorListeners='[]'}, sslSettings=SslSettings{enabled=false, invalidHostNameAllowed=false, context=null}, applicationName='null', compressorList=[], uuidRepresentation=JAVA_LEGACY, serverApi=null, autoEncryptionSettings=null, contextProvider=null}
2023-05-21 16:25:41.923 [cluster-ClusterId{value='646a29e5d6720d03bc3cdbf9', description='null'}-localhost:27017] INFO  org.mongodb.driver.connection - Opened connection [connectionId{localValue:2, serverValue:11}] to localhost:27017
2023-05-21 16:25:41.924 [cluster-ClusterId{value='646a29e5d6720d03bc3cdbf9', description='null'}-localhost:27017] INFO  org.mongodb.driver.cluster - Monitor thread successfully connected to server with description ServerDescription{address=localhost:27017, type=STANDALONE, state=CONNECTED, ok=true, minWireVersion=0, maxWireVersion=13, maxDocumentSize=16777216, logicalSessionTimeoutMinutes=30, roundTripTimeNanos=30758000}
2023-05-21 16:25:41.988 [cluster-rtt-ClusterId{value='646a29e5d6720d03bc3cdbf9', description='null'}-localhost:27017] INFO  org.mongodb.driver.connection - Opened connection [connectionId{localValue:1, serverValue:12}] to localhost:27017
2023-05-21 16:25:42.414 [restartedMain] INFO  o.s.b.d.a.OptionalLiveReloadServer - LiveReload server is running on port 35729
2023-05-21 16:25:43.367 [restartedMain] INFO  o.s.b.a.e.web.EndpointLinksResolver - Exposing 1 endpoint(s) beneath base path '/actuator'
2023-05-21 16:25:43.386 [restartedMain] INFO  o.s.s.web.DefaultSecurityFilterChain - Will secure any request with [org.springframework.security.web.session.DisableEncodeUrlFilter@2edd92f4, org.springframework.security.web.context.request.async.WebAsyncManagerIntegrationFilter@2d0543dc, org.springframework.security.web.context.SecurityContextPersistenceFilter@21d56e9e, org.springframework.security.web.header.HeaderWriterFilter@4205334c, org.springframework.web.filter.CorsFilter@4d81d7b6, org.springframework.security.web.authentication.logout.LogoutFilter@a1a6a9d, com.medicalsystem.Medical.service.security.AuthFilter@4b5216a7, org.springframework.security.web.savedrequest.RequestCacheAwareFilter@187dc022, org.springframework.security.web.servletapi.SecurityContextHolderAwareRequestFilter@20d1eb97, org.springframework.security.web.authentication.AnonymousAuthenticationFilter@460540bb, org.springframework.security.web.session.SessionManagementFilter@1746789b, org.springframework.security.web.access.ExceptionTranslationFilter@555c0f9f, org.springframework.security.web.access.intercept.FilterSecurityInterceptor@2277b62b]
2023-05-21 16:25:43.695 [restartedMain] INFO  o.a.coyote.http11.Http11NioProtocol - Starting ProtocolHandler ["http-nio-3000"]
2023-05-21 16:25:43.718 [restartedMain] INFO  o.s.b.w.e.tomcat.TomcatWebServer - Tomcat started on port(s): 3000 (http) with context path ''
2023-05-21 16:25:43.742 [restartedMain] INFO  c.m.M.s.MedicalServiceApplication - Started MedicalServiceApplication in 5.854 seconds (JVM running for 7.52)
2023-05-21 16:25:43.929 [RMI TCP Connection(5)-172.19.32.1] INFO  o.a.c.c.C.[Tomcat].[localhost].[/] - Initializing Spring DispatcherServlet 'dispatcherServlet'
2023-05-21 16:25:43.929 [RMI TCP Connection(5)-172.19.32.1] INFO  o.s.web.servlet.DispatcherServlet - Initializing Servlet 'dispatcherServlet'
2023-05-21 16:25:43.931 [RMI TCP Connection(5)-172.19.32.1] INFO  o.s.web.servlet.DispatcherServlet - Completed initialization in 2 ms
2023-05-21 16:25:43.978 [RMI TCP Connection(7)-172.19.32.1] INFO  org.mongodb.driver.connection - Opened connection [connectionId{localValue:3, serverValue:13}] to localhost:27017
2023-05-21 16:25:45.998 [http-nio-3000-exec-2] INFO  c.m.M.s.Implservices.UserService - start of UserService.addUser with user id ahmed123456789
2023-05-21 16:25:46.254 [http-nio-3000-exec-2] INFO  c.m.M.s.Implservices.UserService - end of UserService.addUser with user id 646a29ead6720d03bc3cdbfa
2023-05-21 16:31:02.918 [main] INFO  c.m.M.s.MedicalServiceApplication - Example log from MedicalServiceApplication
2023-05-21 16:31:03.307 [restartedMain] INFO  c.m.M.s.MedicalServiceApplication - Example log from MedicalServiceApplication
2023-05-21 16:31:03.912 [restartedMain] INFO  c.m.M.s.MedicalServiceApplication - Starting MedicalServiceApplication using Java 17.0.3 on mohamed with PID 19148 (C:\Users\mohamed\Desktop\Medical-service\target\classes started by mohamed in C:\Users\mohamed\Desktop\Medical-service)
2023-05-21 16:31:03.913 [restartedMain] INFO  c.m.M.s.MedicalServiceApplication - No active profile set, falling back to 1 default profile: "default"
2023-05-21 16:31:04.008 [restartedMain] INFO  o.s.b.d.e.DevToolsPropertyDefaultsPostProcessor - Devtools property defaults active! Set 'spring.devtools.add-properties' to 'false' to disable
2023-05-21 16:31:04.008 [restartedMain] INFO  o.s.b.d.e.DevToolsPropertyDefaultsPostProcessor - For additional web related logging consider setting the 'logging.level.web' property to 'DEBUG'
2023-05-21 16:31:05.718 [restartedMain] INFO  o.s.d.r.c.RepositoryConfigurationDelegate - Bootstrapping Spring Data MongoDB repositories in DEFAULT mode.
2023-05-21 16:31:05.849 [restartedMain] INFO  o.s.d.r.c.RepositoryConfigurationDelegate - Finished Spring Data repository scanning in 116 ms. Found 11 MongoDB repository interfaces.
2023-05-21 16:31:06.515 [restartedMain] INFO  o.s.b.w.e.tomcat.TomcatWebServer - Tomcat initialized with port(s): 3000 (http)
2023-05-21 16:31:06.541 [restartedMain] INFO  o.a.coyote.http11.Http11NioProtocol - Initializing ProtocolHandler ["http-nio-3000"]
2023-05-21 16:31:06.543 [restartedMain] INFO  o.a.catalina.core.StandardService - Starting service [Tomcat]
2023-05-21 16:31:06.543 [restartedMain] INFO  o.a.catalina.core.StandardEngine - Starting Servlet engine: [Apache Tomcat/9.0.63]
2023-05-21 16:31:06.634 [restartedMain] INFO  o.a.c.c.C.[Tomcat].[localhost].[/] - Initializing Spring embedded WebApplicationContext
2023-05-21 16:31:06.634 [restartedMain] INFO  o.s.b.w.s.c.ServletWebServerApplicationContext - Root WebApplicationContext: initialization completed in 2620 ms
2023-05-21 16:31:07.430 [restartedMain] INFO  org.mongodb.driver.client - MongoClient with metadata {"driver": {"name": "mongo-java-driver|sync|spring-boot", "version": "4.6.0"}, "os": {"type": "Windows", "name": "Windows 10", "architecture": "amd64", "version": "10.0"}, "platform": "Java/Amazon.com Inc./17.0.3+6-LTS"} created with settings MongoClientSettings{readPreference=primary, writeConcern=WriteConcern{w=null, wTimeout=null ms, journal=null}, retryWrites=true, retryReads=true, readConcern=ReadConcern{level=null}, credential=null, streamFactoryFactory=null, commandListeners=[io.micrometer.core.instrument.binder.mongodb.MongoMetricsCommandListener@1b6c76a0], codecRegistry=ProvidersCodecRegistry{codecProviders=[ValueCodecProvider{}, BsonValueCodecProvider{}, DBRefCodecProvider{}, DBObjectCodecProvider{}, DocumentCodecProvider{}, IterableCodecProvider{}, MapCodecProvider{}, GeoJsonCodecProvider{}, GridFSFileCodecProvider{}, Jsr310CodecProvider{}, JsonObjectCodecProvider{}, BsonCodecProvider{}, EnumCodecProvider{}, com.mongodb.Jep395RecordCodecProvider@60d227a6]}, clusterSettings={hosts=[localhost:27017], srvServiceName=mongodb, mode=SINGLE, requiredClusterType=UNKNOWN, requiredReplicaSetName='null', serverSelector='null', clusterListeners='[]', serverSelectionTimeout='30000 ms', localThreshold='30000 ms'}, socketSettings=SocketSettings{connectTimeoutMS=10000, readTimeoutMS=0, receiveBufferSize=0, sendBufferSize=0}, heartbeatSocketSettings=SocketSettings{connectTimeoutMS=10000, readTimeoutMS=10000, receiveBufferSize=0, sendBufferSize=0}, connectionPoolSettings=ConnectionPoolSettings{maxSize=100, minSize=0, maxWaitTimeMS=120000, maxConnectionLifeTimeMS=0, maxConnectionIdleTimeMS=0, maintenanceInitialDelayMS=0, maintenanceFrequencyMS=60000, connectionPoolListeners=[io.micrometer.core.instrument.binder.mongodb.MongoMetricsConnectionPoolListener@68cf84eb], maxConnecting=2}, serverSettings=ServerSettings{heartbeatFrequencyMS=10000, minHeartbeatFrequencyMS=500, serverListeners='[]', serverMonitorListeners='[]'}, sslSettings=SslSettings{enabled=false, invalidHostNameAllowed=false, context=null}, applicationName='null', compressorList=[], uuidRepresentation=JAVA_LEGACY, serverApi=null, autoEncryptionSettings=null, contextProvider=null}
2023-05-21 16:31:07.431 [cluster-rtt-ClusterId{value='646a2b2b6d8d9e27338afe1a', description='null'}-localhost:27017] INFO  org.mongodb.driver.connection - Opened connection [connectionId{localValue:1, serverValue:32}] to localhost:27017
2023-05-21 16:31:07.432 [cluster-ClusterId{value='646a2b2b6d8d9e27338afe1a', description='null'}-localhost:27017] INFO  org.mongodb.driver.connection - Opened connection [connectionId{localValue:2, serverValue:33}] to localhost:27017
2023-05-21 16:31:07.434 [cluster-ClusterId{value='646a2b2b6d8d9e27338afe1a', description='null'}-localhost:27017] INFO  org.mongodb.driver.cluster - Monitor thread successfully connected to server with description ServerDescription{address=localhost:27017, type=STANDALONE, state=CONNECTED, ok=true, minWireVersion=0, maxWireVersion=13, maxDocumentSize=16777216, logicalSessionTimeoutMinutes=30, roundTripTimeNanos=72922400}
2023-05-21 16:31:08.295 [restartedMain] INFO  o.s.b.d.a.OptionalLiveReloadServer - LiveReload server is running on port 35729
2023-05-21 16:31:10.096 [restartedMain] INFO  o.s.b.a.e.web.EndpointLinksResolver - Exposing 1 endpoint(s) beneath base path '/actuator'
2023-05-21 16:31:10.127 [restartedMain] INFO  o.s.s.web.DefaultSecurityFilterChain - Will secure any request with [org.springframework.security.web.session.DisableEncodeUrlFilter@4f528591, org.springframework.security.web.context.request.async.WebAsyncManagerIntegrationFilter@9bcb637, org.springframework.security.web.context.SecurityContextPersistenceFilter@21202753, org.springframework.security.web.header.HeaderWriterFilter@2d439aaa, org.springframework.web.filter.CorsFilter@3225ef81, org.springframework.security.web.authentication.logout.LogoutFilter@41629cf8, com.medicalsystem.Medical.service.security.AuthFilter@25541d99, org.springframework.security.web.savedrequest.RequestCacheAwareFilter@1812fc24, org.springframework.security.web.servletapi.SecurityContextHolderAwareRequestFilter@5fc422b7, org.springframework.security.web.authentication.AnonymousAuthenticationFilter@34418054, org.springframework.security.web.session.SessionManagementFilter@4900f755, org.springframework.security.web.access.ExceptionTranslationFilter@20d1eb97, org.springframework.security.web.access.intercept.FilterSecurityInterceptor@6cd585c2]
2023-05-21 16:31:10.809 [restartedMain] INFO  o.a.coyote.http11.Http11NioProtocol - Starting ProtocolHandler ["http-nio-3000"]
2023-05-21 16:31:10.852 [restartedMain] INFO  o.s.b.w.e.tomcat.TomcatWebServer - Tomcat started on port(s): 3000 (http) with context path ''
2023-05-21 16:31:10.901 [restartedMain] INFO  c.m.M.s.MedicalServiceApplication - Started MedicalServiceApplication in 7.572 seconds (JVM running for 9.453)
2023-05-21 16:31:11.160 [RMI TCP Connection(12)-172.19.32.1] INFO  o.a.c.c.C.[Tomcat].[localhost].[/] - Initializing Spring DispatcherServlet 'dispatcherServlet'
2023-05-21 16:31:11.160 [RMI TCP Connection(12)-172.19.32.1] INFO  o.s.web.servlet.DispatcherServlet - Initializing Servlet 'dispatcherServlet'
2023-05-21 16:31:11.163 [RMI TCP Connection(12)-172.19.32.1] INFO  o.s.web.servlet.DispatcherServlet - Completed initialization in 3 ms
2023-05-21 16:31:11.218 [RMI TCP Connection(11)-172.19.32.1] INFO  org.mongodb.driver.connection - Opened connection [connectionId{localValue:3, serverValue:34}] to localhost:27017
2023-05-21 16:31:20.796 [http-nio-3000-exec-2] INFO  c.m.M.s.Implservices.UserService - start of UserService.addUser with user id ahmed12345678910
2023-05-21 16:31:21.084 [http-nio-3000-exec-2] INFO  c.m.M.s.Implservices.UserService - end of UserService.addUser with user id 646a2b396d8d9e27338afe1b
2023-05-21 16:32:40.510 [main] INFO  c.m.M.s.MedicalServiceApplication - Example log from MedicalServiceApplication
2023-05-21 16:32:40.755 [restartedMain] INFO  c.m.M.s.MedicalServiceApplication - Example log from MedicalServiceApplication
2023-05-21 16:32:41.326 [restartedMain] INFO  c.m.M.s.MedicalServiceApplication - Starting MedicalServiceApplication using Java 17.0.3 on mohamed with PID 19404 (C:\Users\mohamed\Desktop\Medical-service\target\classes started by mohamed in C:\Users\mohamed\Desktop\Medical-service)
2023-05-21 16:32:41.328 [restartedMain] INFO  c.m.M.s.MedicalServiceApplication - No active profile set, falling back to 1 default profile: "default"
2023-05-21 16:32:41.399 [restartedMain] INFO  o.s.b.d.e.DevToolsPropertyDefaultsPostProcessor - Devtools property defaults active! Set 'spring.devtools.add-properties' to 'false' to disable
2023-05-21 16:32:41.400 [restartedMain] INFO  o.s.b.d.e.DevToolsPropertyDefaultsPostProcessor - For additional web related logging consider setting the 'logging.level.web' property to 'DEBUG'
2023-05-21 16:32:43.271 [restartedMain] INFO  o.s.d.r.c.RepositoryConfigurationDelegate - Bootstrapping Spring Data MongoDB repositories in DEFAULT mode.
2023-05-21 16:32:43.384 [restartedMain] INFO  o.s.d.r.c.RepositoryConfigurationDelegate - Finished Spring Data repository scanning in 100 ms. Found 11 MongoDB repository interfaces.
2023-05-21 16:32:44.079 [restartedMain] INFO  o.s.b.w.e.tomcat.TomcatWebServer - Tomcat initialized with port(s): 3000 (http)
2023-05-21 16:32:44.092 [restartedMain] INFO  o.a.coyote.http11.Http11NioProtocol - Initializing ProtocolHandler ["http-nio-3000"]
2023-05-21 16:32:44.093 [restartedMain] INFO  o.a.catalina.core.StandardService - Starting service [Tomcat]
2023-05-21 16:32:44.093 [restartedMain] INFO  o.a.catalina.core.StandardEngine - Starting Servlet engine: [Apache Tomcat/9.0.63]
2023-05-21 16:32:44.179 [restartedMain] INFO  o.a.c.c.C.[Tomcat].[localhost].[/] - Initializing Spring embedded WebApplicationContext
2023-05-21 16:32:44.179 [restartedMain] INFO  o.s.b.w.s.c.ServletWebServerApplicationContext - Root WebApplicationContext: initialization completed in 2778 ms
2023-05-21 16:32:44.781 [restartedMain] INFO  org.mongodb.driver.client - MongoClient with metadata {"driver": {"name": "mongo-java-driver|sync|spring-boot", "version": "4.6.0"}, "os": {"type": "Windows", "name": "Windows 10", "architecture": "amd64", "version": "10.0"}, "platform": "Java/Amazon.com Inc./17.0.3+6-LTS"} created with settings MongoClientSettings{readPreference=primary, writeConcern=WriteConcern{w=null, wTimeout=null ms, journal=null}, retryWrites=true, retryReads=true, readConcern=ReadConcern{level=null}, credential=null, streamFactoryFactory=null, commandListeners=[io.micrometer.core.instrument.binder.mongodb.MongoMetricsCommandListener@30cddb9a], codecRegistry=ProvidersCodecRegistry{codecProviders=[ValueCodecProvider{}, BsonValueCodecProvider{}, DBRefCodecProvider{}, DBObjectCodecProvider{}, DocumentCodecProvider{}, IterableCodecProvider{}, MapCodecProvider{}, GeoJsonCodecProvider{}, GridFSFileCodecProvider{}, Jsr310CodecProvider{}, JsonObjectCodecProvider{}, BsonCodecProvider{}, EnumCodecProvider{}, com.mongodb.Jep395RecordCodecProvider@365cf056]}, clusterSettings={hosts=[localhost:27017], srvServiceName=mongodb, mode=SINGLE, requiredClusterType=UNKNOWN, requiredReplicaSetName='null', serverSelector='null', clusterListeners='[]', serverSelectionTimeout='30000 ms', localThreshold='30000 ms'}, socketSettings=SocketSettings{connectTimeoutMS=10000, readTimeoutMS=0, receiveBufferSize=0, sendBufferSize=0}, heartbeatSocketSettings=SocketSettings{connectTimeoutMS=10000, readTimeoutMS=10000, receiveBufferSize=0, sendBufferSize=0}, connectionPoolSettings=ConnectionPoolSettings{maxSize=100, minSize=0, maxWaitTimeMS=120000, maxConnectionLifeTimeMS=0, maxConnectionIdleTimeMS=0, maintenanceInitialDelayMS=0, maintenanceFrequencyMS=60000, connectionPoolListeners=[io.micrometer.core.instrument.binder.mongodb.MongoMetricsConnectionPoolListener@16ba545b], maxConnecting=2}, serverSettings=ServerSettings{heartbeatFrequencyMS=10000, minHeartbeatFrequencyMS=500, serverListeners='[]', serverMonitorListeners='[]'}, sslSettings=SslSettings{enabled=false, invalidHostNameAllowed=false, context=null}, applicationName='null', compressorList=[], uuidRepresentation=JAVA_LEGACY, serverApi=null, autoEncryptionSettings=null, contextProvider=null}
2023-05-21 16:32:44.794 [cluster-ClusterId{value='646a2b8cde15e54c103ad650', description='null'}-localhost:27017] INFO  org.mongodb.driver.connection - Opened connection [connectionId{localValue:1, serverValue:35}] to localhost:27017
2023-05-21 16:32:44.794 [cluster-rtt-ClusterId{value='646a2b8cde15e54c103ad650', description='null'}-localhost:27017] INFO  org.mongodb.driver.connection - Opened connection [connectionId{localValue:2, serverValue:36}] to localhost:27017
2023-05-21 16:32:44.795 [cluster-ClusterId{value='646a2b8cde15e54c103ad650', description='null'}-localhost:27017] INFO  org.mongodb.driver.cluster - Monitor thread successfully connected to server with description ServerDescription{address=localhost:27017, type=STANDALONE, state=CONNECTED, ok=true, minWireVersion=0, maxWireVersion=13, maxDocumentSize=16777216, logicalSessionTimeoutMinutes=30, roundTripTimeNanos=37698100}
2023-05-21 16:32:45.307 [restartedMain] INFO  o.s.b.d.a.OptionalLiveReloadServer - LiveReload server is running on port 35729
2023-05-21 16:32:46.232 [restartedMain] INFO  o.s.b.a.e.web.EndpointLinksResolver - Exposing 1 endpoint(s) beneath base path '/actuator'
2023-05-21 16:32:46.255 [restartedMain] INFO  o.s.s.web.DefaultSecurityFilterChain - Will secure any request with [org.springframework.security.web.session.DisableEncodeUrlFilter@10baf7c1, org.springframework.security.web.context.request.async.WebAsyncManagerIntegrationFilter@1a4e3197, org.springframework.security.web.context.SecurityContextPersistenceFilter@1cb342b8, org.springframework.security.web.header.HeaderWriterFilter@61f71675, org.springframework.web.filter.CorsFilter@6df0ac56, org.springframework.security.web.authentication.logout.LogoutFilter@13f229e1, com.medicalsystem.Medical.service.security.AuthFilter@f2cb26a, org.springframework.security.web.savedrequest.RequestCacheAwareFilter@46ad9685, org.springframework.security.web.servletapi.SecurityContextHolderAwareRequestFilter@380a02c1, org.springframework.security.web.authentication.AnonymousAuthenticationFilter@29be35d7, org.springframework.security.web.session.SessionManagementFilter@26b5349d, org.springframework.security.web.access.ExceptionTranslationFilter@478c01f, org.springframework.security.web.access.intercept.FilterSecurityInterceptor@7784d69c]
2023-05-21 16:32:46.573 [restartedMain] INFO  o.a.coyote.http11.Http11NioProtocol - Starting ProtocolHandler ["http-nio-3000"]
2023-05-21 16:32:46.599 [restartedMain] INFO  o.s.b.w.e.tomcat.TomcatWebServer - Tomcat started on port(s): 3000 (http) with context path ''
2023-05-21 16:32:46.622 [restartedMain] INFO  c.m.M.s.MedicalServiceApplication - Started MedicalServiceApplication in 5.853 seconds (JVM running for 7.083)
2023-05-21 16:32:46.708 [RMI TCP Connection(2)-172.19.32.1] INFO  o.a.c.c.C.[Tomcat].[localhost].[/] - Initializing Spring DispatcherServlet 'dispatcherServlet'
2023-05-21 16:32:46.708 [RMI TCP Connection(2)-172.19.32.1] INFO  o.s.web.servlet.DispatcherServlet - Initializing Servlet 'dispatcherServlet'
2023-05-21 16:32:46.710 [RMI TCP Connection(2)-172.19.32.1] INFO  o.s.web.servlet.DispatcherServlet - Completed initialization in 2 ms
2023-05-21 16:32:46.776 [RMI TCP Connection(3)-172.19.32.1] INFO  org.mongodb.driver.connection - Opened connection [connectionId{localValue:3, serverValue:37}] to localhost:27017
2023-05-21 16:33:05.222 [http-nio-3000-exec-2] INFO  c.m.M.s.Implservices.UserService - start of UserService.addUser with user id ahmed12345678910
2023-05-21 16:33:05.486 [http-nio-3000-exec-2] INFO  c.m.M.s.Implservices.UserService - end of UserService.addUser with user id 646a2ba1de15e54c103ad651
2023-05-23 20:15:59.290 [main] INFO  c.m.M.s.MedicalServiceApplication - Example log from MedicalServiceApplication
2023-05-23 20:15:59.551 [restartedMain] INFO  c.m.M.s.MedicalServiceApplication - Example log from MedicalServiceApplication
2023-05-23 20:16:00.171 [restartedMain] INFO  c.m.M.s.MedicalServiceApplication - Starting MedicalServiceApplication using Java 17.0.3 on mohamed with PID 2544 (C:\Users\mohamed\Desktop\Medical-service\target\classes started by mohamed in C:\Users\mohamed\Desktop\Medical-service)
2023-05-23 20:16:00.172 [restartedMain] INFO  c.m.M.s.MedicalServiceApplication - No active profile set, falling back to 1 default profile: "default"
2023-05-23 20:16:00.232 [restartedMain] INFO  o.s.b.d.e.DevToolsPropertyDefaultsPostProcessor - Devtools property defaults active! Set 'spring.devtools.add-properties' to 'false' to disable
2023-05-23 20:16:00.232 [restartedMain] INFO  o.s.b.d.e.DevToolsPropertyDefaultsPostProcessor - For additional web related logging consider setting the 'logging.level.web' property to 'DEBUG'
2023-05-23 20:16:02.919 [restartedMain] INFO  o.s.d.r.c.RepositoryConfigurationDelegate - Bootstrapping Spring Data MongoDB repositories in DEFAULT mode.
2023-05-23 20:16:02.990 [restartedMain] INFO  o.s.d.r.c.RepositoryConfigurationDelegate - Finished Spring Data repository scanning in 62 ms. Found 11 MongoDB repository interfaces.
2023-05-23 20:16:03.464 [restartedMain] INFO  o.s.b.w.e.tomcat.TomcatWebServer - Tomcat initialized with port(s): 3000 (http)
2023-05-23 20:16:03.474 [restartedMain] INFO  o.a.coyote.http11.Http11NioProtocol - Initializing ProtocolHandler ["http-nio-3000"]
2023-05-23 20:16:03.474 [restartedMain] INFO  o.a.catalina.core.StandardService - Starting service [Tomcat]
2023-05-23 20:16:03.475 [restartedMain] INFO  o.a.catalina.core.StandardEngine - Starting Servlet engine: [Apache Tomcat/9.0.63]
2023-05-23 20:16:03.606 [restartedMain] INFO  o.a.c.c.C.[Tomcat].[localhost].[/] - Initializing Spring embedded WebApplicationContext
2023-05-23 20:16:03.606 [restartedMain] INFO  o.s.b.w.s.c.ServletWebServerApplicationContext - Root WebApplicationContext: initialization completed in 3373 ms
2023-05-23 20:16:04.023 [restartedMain] INFO  org.mongodb.driver.client - MongoClient with metadata {"driver": {"name": "mongo-java-driver|sync|spring-boot", "version": "4.6.0"}, "os": {"type": "Windows", "name": "Windows 10", "architecture": "amd64", "version": "10.0"}, "platform": "Java/Amazon.com Inc./17.0.3+6-LTS"} created with settings MongoClientSettings{readPreference=primary, writeConcern=WriteConcern{w=null, wTimeout=null ms, journal=null}, retryWrites=true, retryReads=true, readConcern=ReadConcern{level=null}, credential=null, streamFactoryFactory=null, commandListeners=[io.micrometer.core.instrument.binder.mongodb.MongoMetricsCommandListener@513c2070], codecRegistry=ProvidersCodecRegistry{codecProviders=[ValueCodecProvider{}, BsonValueCodecProvider{}, DBRefCodecProvider{}, DBObjectCodecProvider{}, DocumentCodecProvider{}, IterableCodecProvider{}, MapCodecProvider{}, GeoJsonCodecProvider{}, GridFSFileCodecProvider{}, Jsr310CodecProvider{}, JsonObjectCodecProvider{}, BsonCodecProvider{}, EnumCodecProvider{}, com.mongodb.Jep395RecordCodecProvider@4ee71087]}, clusterSettings={hosts=[localhost:27017], srvServiceName=mongodb, mode=SINGLE, requiredClusterType=UNKNOWN, requiredReplicaSetName='null', serverSelector='null', clusterListeners='[]', serverSelectionTimeout='30000 ms', localThreshold='30000 ms'}, socketSettings=SocketSettings{connectTimeoutMS=10000, readTimeoutMS=0, receiveBufferSize=0, sendBufferSize=0}, heartbeatSocketSettings=SocketSettings{connectTimeoutMS=10000, readTimeoutMS=10000, receiveBufferSize=0, sendBufferSize=0}, connectionPoolSettings=ConnectionPoolSettings{maxSize=100, minSize=0, maxWaitTimeMS=120000, maxConnectionLifeTimeMS=0, maxConnectionIdleTimeMS=0, maintenanceInitialDelayMS=0, maintenanceFrequencyMS=60000, connectionPoolListeners=[io.micrometer.core.instrument.binder.mongodb.MongoMetricsConnectionPoolListener@1366b17b], maxConnecting=2}, serverSettings=ServerSettings{heartbeatFrequencyMS=10000, minHeartbeatFrequencyMS=500, serverListeners='[]', serverMonitorListeners='[]'}, sslSettings=SslSettings{enabled=false, invalidHostNameAllowed=false, context=null}, applicationName='null', compressorList=[], uuidRepresentation=JAVA_LEGACY, serverApi=null, autoEncryptionSettings=null, contextProvider=null}
2023-05-23 20:16:04.244 [cluster-rtt-ClusterId{value='646d02e301574660d58ada48', description='null'}-localhost:27017] INFO  org.mongodb.driver.connection - Opened connection [connectionId{localValue:1, serverValue:1}] to localhost:27017
2023-05-23 20:16:04.244 [cluster-ClusterId{value='646d02e301574660d58ada48', description='null'}-localhost:27017] INFO  org.mongodb.driver.connection - Opened connection [connectionId{localValue:2, serverValue:2}] to localhost:27017
2023-05-23 20:16:04.244 [cluster-ClusterId{value='646d02e301574660d58ada48', description='null'}-localhost:27017] INFO  org.mongodb.driver.cluster - Monitor thread successfully connected to server with description ServerDescription{address=localhost:27017, type=STANDALONE, state=CONNECTED, ok=true, minWireVersion=0, maxWireVersion=13, maxDocumentSize=16777216, logicalSessionTimeoutMinutes=30, roundTripTimeNanos=232123100}
2023-05-23 20:16:04.337 [restartedMain] INFO  o.s.b.d.a.OptionalLiveReloadServer - LiveReload server is running on port 35729
2023-05-23 20:16:05.063 [restartedMain] INFO  o.s.b.a.e.web.EndpointLinksResolver - Exposing 1 endpoint(s) beneath base path '/actuator'
2023-05-23 20:16:05.083 [restartedMain] INFO  o.s.s.web.DefaultSecurityFilterChain - Will secure any request with [org.springframework.security.web.session.DisableEncodeUrlFilter@6fa7a606, org.springframework.security.web.context.request.async.WebAsyncManagerIntegrationFilter@3cbfa6f2, org.springframework.security.web.context.SecurityContextPersistenceFilter@6b06bc94, org.springframework.security.web.header.HeaderWriterFilter@286d6fe3, org.springframework.web.filter.CorsFilter@58723d38, org.springframework.security.web.authentication.logout.LogoutFilter@499fec03, com.medicalsystem.Medical.service.security.AuthFilter@4f1062b0, org.springframework.security.web.savedrequest.RequestCacheAwareFilter@6dcebe58, org.springframework.security.web.servletapi.SecurityContextHolderAwareRequestFilter@2487538, org.springframework.security.web.authentication.AnonymousAuthenticationFilter@17a08f5b, org.springframework.security.web.session.SessionManagementFilter@3ab3a0e3, org.springframework.security.web.access.ExceptionTranslationFilter@2c9f20b, org.springframework.security.web.access.intercept.FilterSecurityInterceptor@22b33c17]
2023-05-23 20:16:05.419 [restartedMain] INFO  o.a.coyote.http11.Http11NioProtocol - Starting ProtocolHandler ["http-nio-3000"]
2023-05-23 20:16:05.444 [restartedMain] INFO  o.s.b.w.e.tomcat.TomcatWebServer - Tomcat started on port(s): 3000 (http) with context path ''
2023-05-23 20:16:05.461 [restartedMain] INFO  c.m.M.s.MedicalServiceApplication - Started MedicalServiceApplication in 5.897 seconds (JVM running for 7.155)
2023-05-23 20:16:06.026 [RMI TCP Connection(4)-172.24.80.1] INFO  o.a.c.c.C.[Tomcat].[localhost].[/] - Initializing Spring DispatcherServlet 'dispatcherServlet'
2023-05-23 20:16:06.026 [RMI TCP Connection(4)-172.24.80.1] INFO  o.s.web.servlet.DispatcherServlet - Initializing Servlet 'dispatcherServlet'
2023-05-23 20:16:06.029 [RMI TCP Connection(4)-172.24.80.1] INFO  o.s.web.servlet.DispatcherServlet - Completed initialization in 3 ms
2023-05-23 20:16:06.196 [RMI TCP Connection(5)-172.24.80.1] INFO  org.mongodb.driver.connection - Opened connection [connectionId{localValue:3, serverValue:3}] to localhost:27017
2023-05-23 21:24:10.970 [main] INFO  org.testng.internal.Utils - [TestNG] Running:
  C:\Users\mohamed\AppData\Local\JetBrains\IntelliJIdea2021.2\temp-testng-customsuite.xml

2023-05-23 21:31:04.719 [main] INFO  org.testng.internal.Utils - [TestNG] Running:
  C:\Users\mohamed\AppData\Local\JetBrains\IntelliJIdea2021.2\temp-testng-customsuite.xml

2023-05-23 21:31:19.433 [main] INFO  org.testng.internal.Utils - [TestNG] Running:
  C:\Users\mohamed\AppData\Local\JetBrains\IntelliJIdea2021.2\temp-testng-customsuite.xml

2023-05-23 23:48:12.333 [main] INFO  o.s.b.t.c.SpringBootTestContextBootstrapper - Neither @ContextConfiguration nor @ContextHierarchy found for test class [com.medicalsystem.Medical.service.MedicalServiceApplicationTests], using SpringBootContextLoader
2023-05-23 23:48:12.350 [main] INFO  o.s.t.c.s.AbstractContextLoader - Could not detect default resource locations for test class [com.medicalsystem.Medical.service.MedicalServiceApplicationTests]: no resource found for suffixes {-context.xml, Context.groovy}.
2023-05-23 23:48:12.352 [main] INFO  o.s.t.c.s.AnnotationConfigContextLoaderUtils - Could not detect default configuration classes for test class [com.medicalsystem.Medical.service.MedicalServiceApplicationTests]: MedicalServiceApplicationTests does not declare any static, non-private, non-final, nested classes annotated with @Configuration.
2023-05-23 23:48:12.576 [main] INFO  o.s.b.t.c.SpringBootTestContextBootstrapper - Found @SpringBootConfiguration com.medicalsystem.Medical.service.MedicalServiceApplication for test class com.medicalsystem.Medical.service.MedicalServiceApplicationTests
2023-05-23 23:48:12.839 [main] INFO  o.s.b.t.c.SpringBootTestContextBootstrapper - Loaded default TestExecutionListener class names from location [META-INF/spring.factories]: [org.springframework.boot.test.mock.mockito.MockitoTestExecutionListener, org.springframework.boot.test.mock.mockito.ResetMocksTestExecutionListener, org.springframework.boot.test.autoconfigure.restdocs.RestDocsTestExecutionListener, org.springframework.boot.test.autoconfigure.web.client.MockRestServiceServerResetTestExecutionListener, org.springframework.boot.test.autoconfigure.web.servlet.MockMvcPrintOnlyOnFailureTestExecutionListener, org.springframework.boot.test.autoconfigure.web.servlet.WebDriverTestExecutionListener, org.springframework.boot.test.autoconfigure.webservices.client.MockWebServiceServerTestExecutionListener, org.springframework.test.context.web.ServletTestExecutionListener, org.springframework.test.context.support.DirtiesContextBeforeModesTestExecutionListener, org.springframework.test.context.event.ApplicationEventsTestExecutionListener, org.springframework.test.context.support.DependencyInjectionTestExecutionListener, org.springframework.test.context.support.DirtiesContextTestExecutionListener, org.springframework.test.context.transaction.TransactionalTestExecutionListener, org.springframework.test.context.jdbc.SqlScriptsTestExecutionListener, org.springframework.test.context.event.EventPublishingTestExecutionListener, org.springframework.security.test.context.support.WithSecurityContextTestExecutionListener, org.springframework.security.test.context.support.ReactorContextTestExecutionListener]
2023-05-23 23:48:12.889 [main] INFO  o.s.b.t.c.SpringBootTestContextBootstrapper - Using TestExecutionListeners: [org.springframework.test.context.web.ServletTestExecutionListener@25a6944c, org.springframework.test.context.support.DirtiesContextBeforeModesTestExecutionListener@5e1fa5b1, org.springframework.test.context.event.ApplicationEventsTestExecutionListener@6b00f608, org.springframework.boot.test.mock.mockito.MockitoTestExecutionListener@2f17e30d, org.springframework.boot.test.autoconfigure.SpringBootDependencyInjectionTestExecutionListener@3e821657, org.springframework.test.context.support.DirtiesContextTestExecutionListener@1d131e1b, org.springframework.test.context.transaction.TransactionalTestExecutionListener@71cf1b07, org.springframework.test.context.jdbc.SqlScriptsTestExecutionListener@615091b8, org.springframework.test.context.event.EventPublishingTestExecutionListener@4fce136b, org.springframework.security.test.context.support.WithSecurityContextTestExecutionListener@4aa83f4f, org.springframework.security.test.context.support.ReactorContextTestExecutionListener@43b6123e, org.springframework.boot.test.mock.mockito.ResetMocksTestExecutionListener@260e86a1, org.springframework.boot.test.autoconfigure.restdocs.RestDocsTestExecutionListener@19648c40, org.springframework.boot.test.autoconfigure.web.client.MockRestServiceServerResetTestExecutionListener@12bd8a64, org.springframework.boot.test.autoconfigure.web.servlet.MockMvcPrintOnlyOnFailureTestExecutionListener@61e94def, org.springframework.boot.test.autoconfigure.web.servlet.WebDriverTestExecutionListener@3300f4fd, org.springframework.boot.test.autoconfigure.webservices.client.MockWebServiceServerTestExecutionListener@ebb6851]
2023-05-23 23:48:13.884 [main] INFO  c.m.M.s.MedicalServiceApplicationTests - Starting MedicalServiceApplicationTests using Java 17.0.3 on mohamed with PID 11884 (started by mohamed in C:\Users\mohamed\Desktop\Medical-service)
2023-05-23 23:48:13.886 [main] INFO  c.m.M.s.MedicalServiceApplicationTests - No active profile set, falling back to 1 default profile: "default"
2023-05-23 23:48:15.949 [main] INFO  o.s.d.r.c.RepositoryConfigurationDelegate - Bootstrapping Spring Data MongoDB repositories in DEFAULT mode.
2023-05-23 23:48:16.125 [main] INFO  o.s.d.r.c.RepositoryConfigurationDelegate - Finished Spring Data repository scanning in 167 ms. Found 11 MongoDB repository interfaces.
2023-05-23 23:48:17.504 [main] INFO  org.mongodb.driver.client - MongoClient with metadata {"driver": {"name": "mongo-java-driver|sync|spring-boot", "version": "4.6.0"}, "os": {"type": "Windows", "name": "Windows 10", "architecture": "amd64", "version": "10.0"}, "platform": "Java/Amazon.com Inc./17.0.3+6-LTS"} created with settings MongoClientSettings{readPreference=primary, writeConcern=WriteConcern{w=null, wTimeout=null ms, journal=null}, retryWrites=true, retryReads=true, readConcern=ReadConcern{level=null}, credential=null, streamFactoryFactory=null, commandListeners=[io.micrometer.core.instrument.binder.mongodb.MongoMetricsCommandListener@7c46c9c3], codecRegistry=ProvidersCodecRegistry{codecProviders=[ValueCodecProvider{}, BsonValueCodecProvider{}, DBRefCodecProvider{}, DBObjectCodecProvider{}, DocumentCodecProvider{}, IterableCodecProvider{}, MapCodecProvider{}, GeoJsonCodecProvider{}, GridFSFileCodecProvider{}, Jsr310CodecProvider{}, JsonObjectCodecProvider{}, BsonCodecProvider{}, EnumCodecProvider{}, com.mongodb.Jep395RecordCodecProvider@7197b07f]}, clusterSettings={hosts=[localhost:27017], srvServiceName=mongodb, mode=SINGLE, requiredClusterType=UNKNOWN, requiredReplicaSetName='null', serverSelector='null', clusterListeners='[]', serverSelectionTimeout='30000 ms', localThreshold='30000 ms'}, socketSettings=SocketSettings{connectTimeoutMS=10000, readTimeoutMS=0, receiveBufferSize=0, sendBufferSize=0}, heartbeatSocketSettings=SocketSettings{connectTimeoutMS=10000, readTimeoutMS=10000, receiveBufferSize=0, sendBufferSize=0}, connectionPoolSettings=ConnectionPoolSettings{maxSize=100, minSize=0, maxWaitTimeMS=120000, maxConnectionLifeTimeMS=0, maxConnectionIdleTimeMS=0, maintenanceInitialDelayMS=0, maintenanceFrequencyMS=60000, connectionPoolListeners=[io.micrometer.core.instrument.binder.mongodb.MongoMetricsConnectionPoolListener@1f10fec6], maxConnecting=2}, serverSettings=ServerSettings{heartbeatFrequencyMS=10000, minHeartbeatFrequencyMS=500, serverListeners='[]', serverMonitorListeners='[]'}, sslSettings=SslSettings{enabled=false, invalidHostNameAllowed=false, context=null}, applicationName='null', compressorList=[], uuidRepresentation=JAVA_LEGACY, serverApi=null, autoEncryptionSettings=null, contextProvider=null}
2023-05-23 23:48:17.675 [cluster-rtt-ClusterId{value='646d34a1a95c0d478180d619', description='null'}-localhost:27017] INFO  org.mongodb.driver.connection - Opened connection [connectionId{localValue:1, serverValue:5}] to localhost:27017
2023-05-23 23:48:17.675 [cluster-ClusterId{value='646d34a1a95c0d478180d619', description='null'}-localhost:27017] INFO  org.mongodb.driver.connection - Opened connection [connectionId{localValue:2, serverValue:4}] to localhost:27017
2023-05-23 23:48:17.677 [cluster-ClusterId{value='646d34a1a95c0d478180d619', description='null'}-localhost:27017] INFO  org.mongodb.driver.cluster - Monitor thread successfully connected to server with description ServerDescription{address=localhost:27017, type=STANDALONE, state=CONNECTED, ok=true, minWireVersion=0, maxWireVersion=13, maxDocumentSize=16777216, logicalSessionTimeoutMinutes=30, roundTripTimeNanos=193599900}
2023-05-23 23:48:24.396 [main] INFO  o.s.b.a.e.web.EndpointLinksResolver - Exposing 1 endpoint(s) beneath base path '/actuator'
2023-05-23 23:48:24.533 [main] INFO  o.s.s.web.DefaultSecurityFilterChain - Will secure any request with [org.springframework.security.web.session.DisableEncodeUrlFilter@5af40e45, org.springframework.security.web.context.request.async.WebAsyncManagerIntegrationFilter@1a06602f, org.springframework.security.web.context.SecurityContextPersistenceFilter@36525ab, org.springframework.security.web.header.HeaderWriterFilter@7d088813, org.springframework.web.filter.CorsFilter@46591e98, org.springframework.security.web.authentication.logout.LogoutFilter@79308a2, com.medicalsystem.Medical.service.security.AuthFilter@5b6cc344, org.springframework.security.web.savedrequest.RequestCacheAwareFilter@2c7ad4f3, org.springframework.security.web.servletapi.SecurityContextHolderAwareRequestFilter@4756e5cc, org.springframework.security.web.authentication.AnonymousAuthenticationFilter@2110684a, org.springframework.security.web.session.SessionManagementFilter@7ed8b44, org.springframework.security.web.access.ExceptionTranslationFilter@68b3248a, org.springframework.security.web.access.intercept.FilterSecurityInterceptor@7497a554]
2023-05-23 23:48:27.053 [main] INFO  c.m.M.s.MedicalServiceApplicationTests - Started MedicalServiceApplicationTests in 14.051 seconds (JVM running for 16.383)
2023-05-23 23:53:00.947 [main] INFO  o.s.b.t.c.SpringBootTestContextBootstrapper - Neither @ContextConfiguration nor @ContextHierarchy found for test class [com.medicalsystem.Medical.service.MedicalServiceApplicationTests], using SpringBootContextLoader
2023-05-23 23:53:00.957 [main] INFO  o.s.t.c.s.AbstractContextLoader - Could not detect default resource locations for test class [com.medicalsystem.Medical.service.MedicalServiceApplicationTests]: no resource found for suffixes {-context.xml, Context.groovy}.
2023-05-23 23:53:00.959 [main] INFO  o.s.t.c.s.AnnotationConfigContextLoaderUtils - Could not detect default configuration classes for test class [com.medicalsystem.Medical.service.MedicalServiceApplicationTests]: MedicalServiceApplicationTests does not declare any static, non-private, non-final, nested classes annotated with @Configuration.
2023-05-23 23:53:01.160 [main] INFO  o.s.b.t.c.SpringBootTestContextBootstrapper - Found @SpringBootConfiguration com.medicalsystem.Medical.service.MedicalServiceApplication for test class com.medicalsystem.Medical.service.MedicalServiceApplicationTests
2023-05-23 23:53:01.327 [main] INFO  o.s.b.t.c.SpringBootTestContextBootstrapper - Loaded default TestExecutionListener class names from location [META-INF/spring.factories]: [org.springframework.boot.test.mock.mockito.MockitoTestExecutionListener, org.springframework.boot.test.mock.mockito.ResetMocksTestExecutionListener, org.springframework.boot.test.autoconfigure.restdocs.RestDocsTestExecutionListener, org.springframework.boot.test.autoconfigure.web.client.MockRestServiceServerResetTestExecutionListener, org.springframework.boot.test.autoconfigure.web.servlet.MockMvcPrintOnlyOnFailureTestExecutionListener, org.springframework.boot.test.autoconfigure.web.servlet.WebDriverTestExecutionListener, org.springframework.boot.test.autoconfigure.webservices.client.MockWebServiceServerTestExecutionListener, org.springframework.test.context.web.ServletTestExecutionListener, org.springframework.test.context.support.DirtiesContextBeforeModesTestExecutionListener, org.springframework.test.context.event.ApplicationEventsTestExecutionListener, org.springframework.test.context.support.DependencyInjectionTestExecutionListener, org.springframework.test.context.support.DirtiesContextTestExecutionListener, org.springframework.test.context.transaction.TransactionalTestExecutionListener, org.springframework.test.context.jdbc.SqlScriptsTestExecutionListener, org.springframework.test.context.event.EventPublishingTestExecutionListener, org.springframework.security.test.context.support.WithSecurityContextTestExecutionListener, org.springframework.security.test.context.support.ReactorContextTestExecutionListener]
2023-05-23 23:53:01.364 [main] INFO  o.s.b.t.c.SpringBootTestContextBootstrapper - Using TestExecutionListeners: [org.springframework.test.context.web.ServletTestExecutionListener@25a6944c, org.springframework.test.context.support.DirtiesContextBeforeModesTestExecutionListener@5e1fa5b1, org.springframework.test.context.event.ApplicationEventsTestExecutionListener@6b00f608, org.springframework.boot.test.mock.mockito.MockitoTestExecutionListener@2f17e30d, org.springframework.boot.test.autoconfigure.SpringBootDependencyInjectionTestExecutionListener@3e821657, org.springframework.test.context.support.DirtiesContextTestExecutionListener@1d131e1b, org.springframework.test.context.transaction.TransactionalTestExecutionListener@71cf1b07, org.springframework.test.context.jdbc.SqlScriptsTestExecutionListener@615091b8, org.springframework.test.context.event.EventPublishingTestExecutionListener@4fce136b, org.springframework.security.test.context.support.WithSecurityContextTestExecutionListener@4aa83f4f, org.springframework.security.test.context.support.ReactorContextTestExecutionListener@43b6123e, org.springframework.boot.test.mock.mockito.ResetMocksTestExecutionListener@260e86a1, org.springframework.boot.test.autoconfigure.restdocs.RestDocsTestExecutionListener@19648c40, org.springframework.boot.test.autoconfigure.web.client.MockRestServiceServerResetTestExecutionListener@12bd8a64, org.springframework.boot.test.autoconfigure.web.servlet.MockMvcPrintOnlyOnFailureTestExecutionListener@61e94def, org.springframework.boot.test.autoconfigure.web.servlet.WebDriverTestExecutionListener@3300f4fd, org.springframework.boot.test.autoconfigure.webservices.client.MockWebServiceServerTestExecutionListener@ebb6851]
2023-05-23 23:53:02.003 [main] INFO  c.m.M.s.MedicalServiceApplicationTests - Starting MedicalServiceApplicationTests using Java 17.0.3 on mohamed with PID 432 (started by mohamed in C:\Users\mohamed\Desktop\Medical-service)
2023-05-23 23:53:02.007 [main] INFO  c.m.M.s.MedicalServiceApplicationTests - No active profile set, falling back to 1 default profile: "default"
2023-05-23 23:53:03.787 [main] INFO  o.s.d.r.c.RepositoryConfigurationDelegate - Bootstrapping Spring Data MongoDB repositories in DEFAULT mode.
2023-05-23 23:53:03.947 [main] INFO  o.s.d.r.c.RepositoryConfigurationDelegate - Finished Spring Data repository scanning in 144 ms. Found 11 MongoDB repository interfaces.
2023-05-23 23:53:05.242 [main] INFO  org.mongodb.driver.client - MongoClient with metadata {"driver": {"name": "mongo-java-driver|sync|spring-boot", "version": "4.6.0"}, "os": {"type": "Windows", "name": "Windows 10", "architecture": "amd64", "version": "10.0"}, "platform": "Java/Amazon.com Inc./17.0.3+6-LTS"} created with settings MongoClientSettings{readPreference=primary, writeConcern=WriteConcern{w=null, wTimeout=null ms, journal=null}, retryWrites=true, retryReads=true, readConcern=ReadConcern{level=null}, credential=null, streamFactoryFactory=null, commandListeners=[io.micrometer.core.instrument.binder.mongodb.MongoMetricsCommandListener@7a65a360], codecRegistry=ProvidersCodecRegistry{codecProviders=[ValueCodecProvider{}, BsonValueCodecProvider{}, DBRefCodecProvider{}, DBObjectCodecProvider{}, DocumentCodecProvider{}, IterableCodecProvider{}, MapCodecProvider{}, GeoJsonCodecProvider{}, GridFSFileCodecProvider{}, Jsr310CodecProvider{}, JsonObjectCodecProvider{}, BsonCodecProvider{}, EnumCodecProvider{}, com.mongodb.Jep395RecordCodecProvider@30a7653e]}, clusterSettings={hosts=[localhost:27017], srvServiceName=mongodb, mode=SINGLE, requiredClusterType=UNKNOWN, requiredReplicaSetName='null', serverSelector='null', clusterListeners='[]', serverSelectionTimeout='30000 ms', localThreshold='30000 ms'}, socketSettings=SocketSettings{connectTimeoutMS=10000, readTimeoutMS=0, receiveBufferSize=0, sendBufferSize=0}, heartbeatSocketSettings=SocketSettings{connectTimeoutMS=10000, readTimeoutMS=10000, receiveBufferSize=0, sendBufferSize=0}, connectionPoolSettings=ConnectionPoolSettings{maxSize=100, minSize=0, maxWaitTimeMS=120000, maxConnectionLifeTimeMS=0, maxConnectionIdleTimeMS=0, maintenanceInitialDelayMS=0, maintenanceFrequencyMS=60000, connectionPoolListeners=[io.micrometer.core.instrument.binder.mongodb.MongoMetricsConnectionPoolListener@7cff3f1d], maxConnecting=2}, serverSettings=ServerSettings{heartbeatFrequencyMS=10000, minHeartbeatFrequencyMS=500, serverListeners='[]', serverMonitorListeners='[]'}, sslSettings=SslSettings{enabled=false, invalidHostNameAllowed=false, context=null}, applicationName='null', compressorList=[], uuidRepresentation=JAVA_LEGACY, serverApi=null, autoEncryptionSettings=null, contextProvider=null}
2023-05-23 23:53:05.266 [cluster-rtt-ClusterId{value='646d35c104c2273f2bc0f278', description='null'}-localhost:27017] INFO  org.mongodb.driver.connection - Opened connection [connectionId{localValue:2, serverValue:6}] to localhost:27017
2023-05-23 23:53:05.799 [cluster-ClusterId{value='646d35c104c2273f2bc0f278', description='null'}-localhost:27017] INFO  org.mongodb.driver.connection - Opened connection [connectionId{localValue:1, serverValue:7}] to localhost:27017
2023-05-23 23:53:05.800 [cluster-ClusterId{value='646d35c104c2273f2bc0f278', description='null'}-localhost:27017] INFO  org.mongodb.driver.cluster - Monitor thread successfully connected to server with description ServerDescription{address=localhost:27017, type=STANDALONE, state=CONNECTED, ok=true, minWireVersion=0, maxWireVersion=13, maxDocumentSize=16777216, logicalSessionTimeoutMinutes=30, roundTripTimeNanos=583617900}
2023-05-23 23:53:11.345 [main] INFO  o.s.b.a.e.web.EndpointLinksResolver - Exposing 1 endpoint(s) beneath base path '/actuator'
2023-05-23 23:53:11.483 [main] INFO  o.s.s.web.DefaultSecurityFilterChain - Will secure any request with [org.springframework.security.web.session.DisableEncodeUrlFilter@61d011e, org.springframework.security.web.context.request.async.WebAsyncManagerIntegrationFilter@3b56947a, org.springframework.security.web.context.SecurityContextPersistenceFilter@698f4aa, org.springframework.security.web.header.HeaderWriterFilter@2b35c7aa, org.springframework.web.filter.CorsFilter@1926f962, org.springframework.security.web.authentication.logout.LogoutFilter@2e929182, com.medicalsystem.Medical.service.security.AuthFilter@62794582, org.springframework.security.web.savedrequest.RequestCacheAwareFilter@6aa6c17, org.springframework.security.web.servletapi.SecurityContextHolderAwareRequestFilter@182cc69e, org.springframework.security.web.authentication.AnonymousAuthenticationFilter@c82ad22, org.springframework.security.web.session.SessionManagementFilter@6249a08d, org.springframework.security.web.access.ExceptionTranslationFilter@48fc0211, org.springframework.security.web.access.intercept.FilterSecurityInterceptor@44e08a7a]
2023-05-23 23:53:12.765 [main] INFO  c.m.M.s.MedicalServiceApplicationTests - Started MedicalServiceApplicationTests in 11.332 seconds (JVM running for 13.632)
